<?xml version="1.0" encoding="UTF-8"?>
<!-- Generated by org.testng.reporters.JUnitReportReporter -->
<testsuite hostname="QUEBEC" name="page_Tests.ACR_PracticeInformation_Tests" tests="1" failures="0" timestamp="19 Sep 2018 12:55:12 GMT" time="30.129" errors="0">
  <testcase name="test_ACR_PracticeInformation" time="30.129" classname="page_Tests.ACR_PracticeInformation_Tests"/>
</testsuite> <!-- page_Tests.ACR_PracticeInformation_Tests -->
