<?xml version="1.0" encoding="UTF-8"?>
<!-- Generated by org.testng.reporters.JUnitReportReporter -->
<testsuite hostname="QUEBEC" name="page_Tests.ACR_LoginPage_Tests" tests="1" failures="0" timestamp="24 Sep 2018 14:11:28 GMT" time="30.931" errors="0">
  <testcase name="test_ACR_LoginPage" time="30.931" classname="page_Tests.ACR_LoginPage_Tests"/>
</testsuite> <!-- page_Tests.ACR_LoginPage_Tests -->
